Using pre-set license
Built from '2021.3/staging' branch; Version is '2021.3.8f1 (b30333d56e81) revision 11731763'; Using compiler version '192829333'; Build Type 'Release'
OS: 'Windows 10  (10.0.19043) 64bit Core' Language: 'en' Physical Memory: 12243 MB
BatchMode: 1, IsHumanControllingUs: 0, StartBugReporterOnCrash: 0, Is64bit: 1, IsPro: 1

COMMAND LINE ARGUMENTS:
D:\Game Engine\Unity\Project Dump\2021.3.8f1\Editor\Unity.exe
-adb2
-batchMode
-noUpm
-name
AssetImportWorker1
-projectPath
D:/Game Engine/SCHOOL PROJECTS/GAM300-350/GAM-300-Prototype
-logFile
Logs/AssetImportWorker1.log
-srvPort
63062
Successfully changed project path to: D:/Game Engine/SCHOOL PROJECTS/GAM300-350/GAM-300-Prototype
D:/Game Engine/SCHOOL PROJECTS/GAM300-350/GAM-300-Prototype
[UnityMemory] Configuration Parameters - Can be set up in boot.config
    "memorysetup-bucket-allocator-granularity=16"
    "memorysetup-bucket-allocator-bucket-count=8"
    "memorysetup-bucket-allocator-block-size=33554432"
    "memorysetup-bucket-allocator-block-count=8"
    "memorysetup-main-allocator-block-size=16777216"
    "memorysetup-thread-allocator-block-size=16777216"
    "memorysetup-gfx-main-allocator-block-size=16777216"
    "memorysetup-gfx-thread-allocator-block-size=16777216"
    "memorysetup-cache-allocator-block-size=4194304"
    "memorysetup-typetree-allocator-block-size=2097152"
    "memorysetup-profiler-bucket-allocator-granularity=16"
    "memorysetup-profiler-bucket-allocator-bucket-count=8"
    "memorysetup-profiler-bucket-allocator-block-size=33554432"
    "memorysetup-profiler-bucket-allocator-block-count=8"
    "memorysetup-profiler-allocator-block-size=16777216"
    "memorysetup-profiler-editor-allocator-block-size=1048576"
    "memorysetup-temp-allocator-size-main=16777216"
    "memorysetup-job-temp-allocator-block-size=2097152"
    "memorysetup-job-temp-allocator-block-size-background=1048576"
    "memorysetup-job-temp-allocator-reduction-small-platforms=262144"
    "memorysetup-temp-allocator-size-background-worker=32768"
    "memorysetup-temp-allocator-size-job-worker=262144"
    "memorysetup-temp-allocator-size-preload-manager=33554432"
    "memorysetup-temp-allocator-size-nav-mesh-worker=65536"
    "memorysetup-temp-allocator-size-audio-worker=65536"
    "memorysetup-temp-allocator-size-cloud-worker=32768"
    "memorysetup-temp-allocator-size-gi-baking-worker=262144"
    "memorysetup-temp-allocator-size-gfx=262144"
Refreshing native plugins compatible for Editor in 77.62 ms, found 2 plugins.
Preloading 0 native plugins for Editor in 0.00 ms.
Initialize engine version: 2021.3.8f1 (b30333d56e81)
[Subsystems] Discovering subsystems at path D:/Game Engine/Unity/Project Dump/2021.3.8f1/Editor/Data/Resources/UnitySubsystems
[Subsystems] Discovering subsystems at path D:/Game Engine/SCHOOL PROJECTS/GAM300-350/GAM-300-Prototype/Assets
GfxDevice: creating device client; threaded=0; jobified=0
Direct3D:
    Version:  Direct3D 11.0 [level 11.1]
    Renderer: NVIDIA GeForce GTX 1060 (ID=0x1c20)
    Vendor:   NVIDIA
    VRAM:     6052 MB
    Driver:   27.21.14.5167
Initialize mono
Mono path[0] = 'D:/Game Engine/Unity/Project Dump/2021.3.8f1/Editor/Data/Managed'
Mono path[1] = 'D:/Game Engine/Unity/Project Dump/2021.3.8f1/Editor/Data/MonoBleedingEdge/lib/mono/unityjit-win32'
Mono config path = 'D:/Game Engine/Unity/Project Dump/2021.3.8f1/Editor/Data/MonoBleedingEdge/etc'
Using monoOptions --debugger-agent=transport=dt_socket,embedding=1,server=y,suspend=n,address=127.0.0.1:56368
Begin MonoManager ReloadAssembly
Registering precompiled unity dll's ...
Register platform support module: D:/Game Engine/Unity/Project Dump/2021.3.8f1/Editor/Data/PlaybackEngines/WindowsStandaloneSupport/UnityEditor.WindowsStandalone.Extensions.dll
Registered in 0.004317 seconds.
Native extension for WindowsStandalone target not found
Refreshing native plugins compatible for Editor in 85.26 ms, found 2 plugins.
Preloading 0 native plugins for Editor in 0.00 ms.
Mono: successfully reloaded assembly
- Completed reload, in  0.784 seconds
Domain Reload Profiling:
	ReloadAssembly (784ms)
		BeginReloadAssembly (123ms)
			ExecutionOrderSort (0ms)
			DisableScriptedObjects (0ms)
			BackupInstance (0ms)
			ReleaseScriptingObjects (0ms)
			CreateAndSetChildDomain (1ms)
		EndReloadAssembly (524ms)
			LoadAssemblies (122ms)
			RebuildTransferFunctionScriptingTraits (0ms)
			SetupTypeCache (135ms)
			ReleaseScriptCaches (0ms)
			RebuildScriptCaches (34ms)
			SetupLoadedEditorAssemblies (297ms)
				LogAssemblyErrors (0ms)
				InitializePlatformSupportModulesInManaged (8ms)
				SetLoadedEditorAssemblies (0ms)
				RefreshPlugins (85ms)
				BeforeProcessingInitializeOnLoad (1ms)
				ProcessInitializeOnLoadAttributes (146ms)
				ProcessInitializeOnLoadMethodAttributes (55ms)
				AfterProcessingInitializeOnLoad (0ms)
				EditorAssembliesLoaded (0ms)
			ExecutionOrderSort2 (0ms)
			AwakeInstancesAfterBackupRestoration (0ms)
Platform modules already initialized, skipping
Registering precompiled user dll's ...
Registered in 0.005462 seconds.
Begin MonoManager ReloadAssembly
Native extension for WindowsStandalone target not found
Refreshing native plugins compatible for Editor in 89.81 ms, found 2 plugins.
Preloading 0 native plugins for Editor in 0.00 ms.
Mono: successfully reloaded assembly
- Completed reload, in  1.750 seconds
Domain Reload Profiling:
	ReloadAssembly (1751ms)
		BeginReloadAssembly (146ms)
			ExecutionOrderSort (0ms)
			DisableScriptedObjects (7ms)
			BackupInstance (0ms)
			ReleaseScriptingObjects (0ms)
			CreateAndSetChildDomain (24ms)
		EndReloadAssembly (1469ms)
			LoadAssemblies (110ms)
			RebuildTransferFunctionScriptingTraits (0ms)
			SetupTypeCache (429ms)
			ReleaseScriptCaches (1ms)
			RebuildScriptCaches (94ms)
			SetupLoadedEditorAssemblies (782ms)
				LogAssemblyErrors (0ms)
				InitializePlatformSupportModulesInManaged (5ms)
				SetLoadedEditorAssemblies (0ms)
				RefreshPlugins (90ms)
				BeforeProcessingInitializeOnLoad (132ms)
				ProcessInitializeOnLoadAttributes (436ms)
				ProcessInitializeOnLoadMethodAttributes (114ms)
				AfterProcessingInitializeOnLoad (4ms)
				EditorAssembliesLoaded (0ms)
			ExecutionOrderSort2 (0ms)
			AwakeInstancesAfterBackupRestoration (7ms)
Platform modules already initialized, skipping
========================================================================
Worker process is ready to serve import requests
Launched and connected shader compiler UnityShaderCompiler.exe after 0.47 seconds
Refreshing native plugins compatible for Editor in 0.81 ms, found 2 plugins.
Preloading 0 native plugins for Editor in 0.00 ms.
Unloading 4051 Unused Serialized files (Serialized files now loaded: 0)
Unloading 44 unused Assets / (0.8 MB). Loaded Objects now: 4515.
Memory consumption went from 182.6 MB to 181.8 MB.
Total: 5.347800 ms (FindLiveObjects: 0.549000 ms CreateObjectMapping: 0.507100 ms MarkObjects: 3.910400 ms  DeleteObjects: 0.379600 ms)

AssetImportParameters requested are different than current active one (requested -> active):
  custom:video-decoder-ogg-theora: a1e56fd34408186e4bbccfd4996cb3dc -> 
  custom:container-muxer-webm: aa71ff27fc2769a1b78a27578f13a17b -> 
  custom:container-demuxer-webm: 4f35f7cbe854078d1ac9338744f61a02 -> 
  custom:video-encoder-webm-vp8: eb34c28f22e8b96e1ab97ce403110664 -> 
  custom:audio-encoder-webm-vorbis: bf7c407c2cedff20999df2af8eb42d56 -> 
  custom:framework-win-MediaFoundation: 216162199b28c13a410421893ffa2e32 -> 
  custom:container-demuxer-ogg: 62fdf1f143b41e24485cea50d1cbac27 -> 
  custom:video-decoder-webm-vp8: 9c59270c3fd7afecdb556c50c9e8de78 -> 
  custom:audio-decoder-ogg-vorbis: bf7c407c2cedff20999df2af8eb42d56 -> 
========================================================================
Received Import Request.
  Time since last request: 16754.537610 seconds.
  path: Assets/Shaders/Shader Mat/XRay_Mat.mat
  artifactKey: Guid(b504241cdc45be0459257cdd69b7140b) Importer(815301076,1909f56bfc062723c751e8b465ee728b)
Start importing Assets/Shaders/Shader Mat/XRay_Mat.mat using Guid(b504241cdc45be0459257cdd69b7140b) Importer(815301076,1909f56bfc062723c751e8b465ee728b)  -> (artifact id: '1c9b8e590b50824504934575284c9292') in 0.913541 seconds 
========================================================================
Received Prepare
Registering precompiled user dll's ...
Registered in 0.006931 seconds.
Begin MonoManager ReloadAssembly
Native extension for WindowsStandalone target not found
Refreshing native plugins compatible for Editor in 1.30 ms, found 2 plugins.
Preloading 0 native plugins for Editor in 0.00 ms.
Mono: successfully reloaded assembly
- Completed reload, in  4.562 seconds
Domain Reload Profiling:
	ReloadAssembly (4564ms)
		BeginReloadAssembly (2294ms)
			ExecutionOrderSort (0ms)
			DisableScriptedObjects (46ms)
			BackupInstance (0ms)
			ReleaseScriptingObjects (0ms)
			CreateAndSetChildDomain (1125ms)
		EndReloadAssembly (2066ms)
			LoadAssemblies (223ms)
			RebuildTransferFunctionScriptingTraits (0ms)
			SetupTypeCache (550ms)
			ReleaseScriptCaches (3ms)
			RebuildScriptCaches (85ms)
			SetupLoadedEditorAssemblies (742ms)
				LogAssemblyErrors (0ms)
				InitializePlatformSupportModulesInManaged (19ms)
				SetLoadedEditorAssemblies (1ms)
				RefreshPlugins (1ms)
				BeforeProcessingInitializeOnLoad (112ms)
				ProcessInitializeOnLoadAttributes (469ms)
				ProcessInitializeOnLoadMethodAttributes (134ms)
				AfterProcessingInitializeOnLoad (5ms)
				EditorAssembliesLoaded (0ms)
			ExecutionOrderSort2 (0ms)
			AwakeInstancesAfterBackupRestoration (43ms)
Platform modules already initialized, skipping
Refreshing native plugins compatible for Editor in 111.05 ms, found 2 plugins.
Preloading 0 native plugins for Editor in 0.00 ms.
Unloading 3922 Unused Serialized files (Serialized files now loaded: 0)
Unloading 38 unused Assets / (1.4 MB). Loaded Objects now: 4626.
Memory consumption went from 181.1 MB to 179.7 MB.
Total: 122.748100 ms (FindLiveObjects: 0.557800 ms CreateObjectMapping: 0.455200 ms MarkObjects: 120.726000 ms  DeleteObjects: 1.007700 ms)

AssetImportParameters requested are different than current active one (requested -> active):
  custom:video-decoder-ogg-theora: a1e56fd34408186e4bbccfd4996cb3dc -> 
  custom:container-muxer-webm: aa71ff27fc2769a1b78a27578f13a17b -> 
  custom:container-demuxer-webm: 4f35f7cbe854078d1ac9338744f61a02 -> 
  custom:video-encoder-webm-vp8: eb34c28f22e8b96e1ab97ce403110664 -> 
  custom:audio-encoder-webm-vorbis: bf7c407c2cedff20999df2af8eb42d56 -> 
  custom:framework-win-MediaFoundation: 216162199b28c13a410421893ffa2e32 -> 
  custom:container-demuxer-ogg: 62fdf1f143b41e24485cea50d1cbac27 -> 
  custom:video-decoder-webm-vp8: 9c59270c3fd7afecdb556c50c9e8de78 -> 
  custom:audio-decoder-ogg-vorbis: bf7c407c2cedff20999df2af8eb42d56 -> 
========================================================================
Received Prepare
Registering precompiled user dll's ...
Registered in 0.941118 seconds.
Begin MonoManager ReloadAssembly
Native extension for WindowsStandalone target not found
Refreshing native plugins compatible for Editor in 1.29 ms, found 2 plugins.
Preloading 0 native plugins for Editor in 0.00 ms.
Mono: successfully reloaded assembly
- Completed reload, in  3.356 seconds
Domain Reload Profiling:
	ReloadAssembly (3357ms)
		BeginReloadAssembly (634ms)
			ExecutionOrderSort (0ms)
			DisableScriptedObjects (6ms)
			BackupInstance (0ms)
			ReleaseScriptingObjects (0ms)
			CreateAndSetChildDomain (47ms)
		EndReloadAssembly (2588ms)
			LoadAssemblies (1832ms)
			RebuildTransferFunctionScriptingTraits (0ms)
			SetupTypeCache (316ms)
			ReleaseScriptCaches (2ms)
			RebuildScriptCaches (68ms)
			SetupLoadedEditorAssemblies (590ms)
				LogAssemblyErrors (0ms)
				InitializePlatformSupportModulesInManaged (15ms)
				SetLoadedEditorAssemblies (3ms)
				RefreshPlugins (1ms)
				BeforeProcessingInitializeOnLoad (104ms)
				ProcessInitializeOnLoadAttributes (328ms)
				ProcessInitializeOnLoadMethodAttributes (134ms)
				AfterProcessingInitializeOnLoad (4ms)
				EditorAssembliesLoaded (0ms)
			ExecutionOrderSort2 (0ms)
			AwakeInstancesAfterBackupRestoration (26ms)
Platform modules already initialized, skipping
Refreshing native plugins compatible for Editor in 2.17 ms, found 2 plugins.
Preloading 0 native plugins for Editor in 0.00 ms.
Unloading 3923 Unused Serialized files (Serialized files now loaded: 0)
Unloading 38 unused Assets / (1.4 MB). Loaded Objects now: 4641.
Memory consumption went from 181.3 MB to 179.9 MB.
Total: 5.049600 ms (FindLiveObjects: 0.653100 ms CreateObjectMapping: 0.290000 ms MarkObjects: 3.185300 ms  DeleteObjects: 0.920200 ms)

AssetImportParameters requested are different than current active one (requested -> active):
  custom:video-decoder-ogg-theora: a1e56fd34408186e4bbccfd4996cb3dc -> 
  custom:container-muxer-webm: aa71ff27fc2769a1b78a27578f13a17b -> 
  custom:container-demuxer-webm: 4f35f7cbe854078d1ac9338744f61a02 -> 
  custom:video-encoder-webm-vp8: eb34c28f22e8b96e1ab97ce403110664 -> 
  custom:audio-encoder-webm-vorbis: bf7c407c2cedff20999df2af8eb42d56 -> 
  custom:framework-win-MediaFoundation: 216162199b28c13a410421893ffa2e32 -> 
  custom:container-demuxer-ogg: 62fdf1f143b41e24485cea50d1cbac27 -> 
  custom:video-decoder-webm-vp8: 9c59270c3fd7afecdb556c50c9e8de78 -> 
  custom:audio-decoder-ogg-vorbis: bf7c407c2cedff20999df2af8eb42d56 -> 
========================================================================
Received Prepare
Registering precompiled user dll's ...
Registered in 0.004682 seconds.
Begin MonoManager ReloadAssembly
Native extension for WindowsStandalone target not found
Refreshing native plugins compatible for Editor in 1.82 ms, found 2 plugins.
Preloading 0 native plugins for Editor in 0.00 ms.
Mono: successfully reloaded assembly
- Completed reload, in  1.667 seconds
Domain Reload Profiling:
	ReloadAssembly (1668ms)
		BeginReloadAssembly (165ms)
			ExecutionOrderSort (0ms)
			DisableScriptedObjects (6ms)
			BackupInstance (0ms)
			ReleaseScriptingObjects (0ms)
			CreateAndSetChildDomain (47ms)
		EndReloadAssembly (1377ms)
			LoadAssemblies (101ms)
			RebuildTransferFunctionScriptingTraits (0ms)
			SetupTypeCache (379ms)
			ReleaseScriptCaches (2ms)
			RebuildScriptCaches (90ms)
			SetupLoadedEditorAssemblies (657ms)
				LogAssemblyErrors (0ms)
				InitializePlatformSupportModulesInManaged (17ms)
				SetLoadedEditorAssemblies (1ms)
				RefreshPlugins (2ms)
				BeforeProcessingInitializeOnLoad (110ms)
				ProcessInitializeOnLoadAttributes (390ms)
				ProcessInitializeOnLoadMethodAttributes (131ms)
				AfterProcessingInitializeOnLoad (6ms)
				EditorAssembliesLoaded (0ms)
			ExecutionOrderSort2 (0ms)
			AwakeInstancesAfterBackupRestoration (31ms)
Platform modules already initialized, skipping
Refreshing native plugins compatible for Editor in 4.28 ms, found 2 plugins.
Preloading 0 native plugins for Editor in 0.00 ms.
Unloading 3923 Unused Serialized files (Serialized files now loaded: 0)
Unloading 38 unused Assets / (1.4 MB). Loaded Objects now: 4656.
Memory consumption went from 181.3 MB to 179.9 MB.
Total: 6.559800 ms (FindLiveObjects: 0.397200 ms CreateObjectMapping: 0.319400 ms MarkObjects: 4.852800 ms  DeleteObjects: 0.988500 ms)

AssetImportParameters requested are different than current active one (requested -> active):
  custom:video-decoder-ogg-theora: a1e56fd34408186e4bbccfd4996cb3dc -> 
  custom:container-muxer-webm: aa71ff27fc2769a1b78a27578f13a17b -> 
  custom:container-demuxer-webm: 4f35f7cbe854078d1ac9338744f61a02 -> 
  custom:video-encoder-webm-vp8: eb34c28f22e8b96e1ab97ce403110664 -> 
  custom:audio-encoder-webm-vorbis: bf7c407c2cedff20999df2af8eb42d56 -> 
  custom:framework-win-MediaFoundation: 216162199b28c13a410421893ffa2e32 -> 
  custom:container-demuxer-ogg: 62fdf1f143b41e24485cea50d1cbac27 -> 
  custom:video-decoder-webm-vp8: 9c59270c3fd7afecdb556c50c9e8de78 -> 
  custom:audio-decoder-ogg-vorbis: bf7c407c2cedff20999df2af8eb42d56 -> 
========================================================================
Received Prepare
Registering precompiled user dll's ...
Registered in 0.004866 seconds.
Begin MonoManager ReloadAssembly
Native extension for WindowsStandalone target not found
Refreshing native plugins compatible for Editor in 1.02 ms, found 2 plugins.
Preloading 0 native plugins for Editor in 0.00 ms.
Mono: successfully reloaded assembly
- Completed reload, in  1.613 seconds
Domain Reload Profiling:
	ReloadAssembly (1614ms)
		BeginReloadAssembly (202ms)
			ExecutionOrderSort (0ms)
			DisableScriptedObjects (8ms)
			BackupInstance (0ms)
			ReleaseScriptingObjects (0ms)
			CreateAndSetChildDomain (49ms)
		EndReloadAssembly (1284ms)
			LoadAssemblies (155ms)
			RebuildTransferFunctionScriptingTraits (0ms)
			SetupTypeCache (338ms)
			ReleaseScriptCaches (2ms)
			RebuildScriptCaches (68ms)
			SetupLoadedEditorAssemblies (636ms)
				LogAssemblyErrors (0ms)
				InitializePlatformSupportModulesInManaged (18ms)
				SetLoadedEditorAssemblies (1ms)
				RefreshPlugins (1ms)
				BeforeProcessingInitializeOnLoad (92ms)
				ProcessInitializeOnLoadAttributes (386ms)
				ProcessInitializeOnLoadMethodAttributes (133ms)
				AfterProcessingInitializeOnLoad (5ms)
				EditorAssembliesLoaded (0ms)
			ExecutionOrderSort2 (0ms)
			AwakeInstancesAfterBackupRestoration (31ms)
Platform modules already initialized, skipping
Refreshing native plugins compatible for Editor in 2.34 ms, found 2 plugins.
Preloading 0 native plugins for Editor in 0.00 ms.
Unloading 3923 Unused Serialized files (Serialized files now loaded: 0)
Unloading 38 unused Assets / (1.4 MB). Loaded Objects now: 4671.
Memory consumption went from 181.4 MB to 179.9 MB.
Total: 5.686500 ms (FindLiveObjects: 0.418900 ms CreateObjectMapping: 0.333300 ms MarkObjects: 3.879200 ms  DeleteObjects: 1.053900 ms)

AssetImportParameters requested are different than current active one (requested -> active):
  custom:video-decoder-ogg-theora: a1e56fd34408186e4bbccfd4996cb3dc -> 
  custom:container-muxer-webm: aa71ff27fc2769a1b78a27578f13a17b -> 
  custom:container-demuxer-webm: 4f35f7cbe854078d1ac9338744f61a02 -> 
  custom:video-encoder-webm-vp8: eb34c28f22e8b96e1ab97ce403110664 -> 
  custom:audio-encoder-webm-vorbis: bf7c407c2cedff20999df2af8eb42d56 -> 
  custom:framework-win-MediaFoundation: 216162199b28c13a410421893ffa2e32 -> 
  custom:container-demuxer-ogg: 62fdf1f143b41e24485cea50d1cbac27 -> 
  custom:video-decoder-webm-vp8: 9c59270c3fd7afecdb556c50c9e8de78 -> 
  custom:audio-decoder-ogg-vorbis: bf7c407c2cedff20999df2af8eb42d56 -> 
========================================================================
Received Import Request.
  Time since last request: 7645.534441 seconds.
  path: Assets/Crypt Dungeon Environment/Rooms/Crypt/Models/crypt_pillar.fbx
  artifactKey: Guid(fa741a1464dc1084592c89eb9fd74c6c) Importer(815301076,1909f56bfc062723c751e8b465ee728b)
Start importing Assets/Crypt Dungeon Environment/Rooms/Crypt/Models/crypt_pillar.fbx using Guid(fa741a1464dc1084592c89eb9fd74c6c) Importer(815301076,1909f56bfc062723c751e8b465ee728b)  -> (artifact id: 'df32a43b8de274e0b254f3b539877759') in 2.174967 seconds 
========================================================================
Received Import Request.
  Time since last request: 0.000055 seconds.
  path: Assets/Crypt Dungeon Environment/Rooms/Crypt/Models/crypt_roof.fbx
  artifactKey: Guid(8d21d1605928a4d46b68ae5628341f42) Importer(815301076,1909f56bfc062723c751e8b465ee728b)
Start importing Assets/Crypt Dungeon Environment/Rooms/Crypt/Models/crypt_roof.fbx using Guid(8d21d1605928a4d46b68ae5628341f42) Importer(815301076,1909f56bfc062723c751e8b465ee728b)  -> (artifact id: '646820cd71458840d401562c1e416d60') in 0.177629 seconds 
========================================================================
Received Import Request.
  Time since last request: 0.000042 seconds.
  path: Assets/Crypt Dungeon Environment/Rooms/Crypt/Models/crypt_wall1.fbx
  artifactKey: Guid(38695264905aae44e8fb8aa025491a5c) Importer(815301076,1909f56bfc062723c751e8b465ee728b)
Start importing Assets/Crypt Dungeon Environment/Rooms/Crypt/Models/crypt_wall1.fbx using Guid(38695264905aae44e8fb8aa025491a5c) Importer(815301076,1909f56bfc062723c751e8b465ee728b)  -> (artifact id: '917d77dd06d52ac78c02d2feb9234b00') in 0.046522 seconds 
========================================================================
Received Import Request.
  Time since last request: 0.000030 seconds.
  path: Assets/Crypt Dungeon Environment/Rooms/Crypt/Models/crypt_window_frame1.fbx
  artifactKey: Guid(361498a627a16014ba71a078ba3499c9) Importer(815301076,1909f56bfc062723c751e8b465ee728b)
Start importing Assets/Crypt Dungeon Environment/Rooms/Crypt/Models/crypt_window_frame1.fbx using Guid(361498a627a16014ba71a078ba3499c9) Importer(815301076,1909f56bfc062723c751e8b465ee728b)  -> (artifact id: '482e3eaa73ac9608d67b6737a204695b') in 0.044122 seconds 
========================================================================
Received Import Request.
  Time since last request: 0.000065 seconds.
  path: Assets/Crypt Dungeon Environment/Rooms/Crypt/Models/crypt_wall3.fbx
  artifactKey: Guid(f000e5403ed48234aa2dcd4886f3b0fd) Importer(815301076,1909f56bfc062723c751e8b465ee728b)
Start importing Assets/Crypt Dungeon Environment/Rooms/Crypt/Models/crypt_wall3.fbx using Guid(f000e5403ed48234aa2dcd4886f3b0fd) Importer(815301076,1909f56bfc062723c751e8b465ee728b)  -> (artifact id: '68298f5fcc1767ce572c904a738a84d4') in 0.040516 seconds 
========================================================================
Received Import Request.
  Time since last request: 0.000034 seconds.
  path: Assets/Crypt Dungeon Environment/Rooms/Crypt/Models/crypt_window_frame2.fbx
  artifactKey: Guid(6ce4ffe821aea604580c790f94d1688f) Importer(815301076,1909f56bfc062723c751e8b465ee728b)
Start importing Assets/Crypt Dungeon Environment/Rooms/Crypt/Models/crypt_window_frame2.fbx using Guid(6ce4ffe821aea604580c790f94d1688f) Importer(815301076,1909f56bfc062723c751e8b465ee728b)  -> (artifact id: '51129dbebe744e78e93b9fd1be933faf') in 0.039445 seconds 
========================================================================
Received Import Request.
  Time since last request: 0.000042 seconds.
  path: Assets/Crypt Dungeon Environment/Rooms/Crypt/Models/crypt_window_frame3.fbx
  artifactKey: Guid(6142fc87aa3e6da4ca3cc729e7b9ddd0) Importer(815301076,1909f56bfc062723c751e8b465ee728b)
Start importing Assets/Crypt Dungeon Environment/Rooms/Crypt/Models/crypt_window_frame3.fbx using Guid(6142fc87aa3e6da4ca3cc729e7b9ddd0) Importer(815301076,1909f56bfc062723c751e8b465ee728b)  -> (artifact id: '37a23e162ae4156eba25da76d7e3b4cf') in 0.035352 seconds 
========================================================================
Received Import Request.
  Time since last request: 0.000036 seconds.
  path: Assets/Crypt Dungeon Environment/Rooms/Crypt/Models/crypt_wall2.fbx
  artifactKey: Guid(5fe6d5af35baed84c96ee368ada40bfb) Importer(815301076,1909f56bfc062723c751e8b465ee728b)
Start importing Assets/Crypt Dungeon Environment/Rooms/Crypt/Models/crypt_wall2.fbx using Guid(5fe6d5af35baed84c96ee368ada40bfb) Importer(815301076,1909f56bfc062723c751e8b465ee728b)  -> (artifact id: '3e0f94716d2a122c2ae01ed40bc57c6c') in 0.042884 seconds 
========================================================================
Received Import Request.
  Time since last request: 5.072077 seconds.
  path: Assets/Crypt Dungeon Environment/Rooms/Crypt/Prefabs/crypt_door.prefab
  artifactKey: Guid(44854037fca6b6046a63c21383b8939c) Importer(815301076,1909f56bfc062723c751e8b465ee728b)
Start importing Assets/Crypt Dungeon Environment/Rooms/Crypt/Prefabs/crypt_door.prefab using Guid(44854037fca6b6046a63c21383b8939c) Importer(815301076,1909f56bfc062723c751e8b465ee728b)  -> (artifact id: '153f8dee5dde87adbdd524d929699107') in 0.451380 seconds 
========================================================================
Received Import Request.
  Time since last request: 0.000035 seconds.
  path: Assets/Crypt Dungeon Environment/Rooms/Crypt/Prefabs/crypt_roof_pillar.prefab
  artifactKey: Guid(88e9169a6e1a34d43a3188cf129af93a) Importer(815301076,1909f56bfc062723c751e8b465ee728b)
Start importing Assets/Crypt Dungeon Environment/Rooms/Crypt/Prefabs/crypt_roof_pillar.prefab using Guid(88e9169a6e1a34d43a3188cf129af93a) Importer(815301076,1909f56bfc062723c751e8b465ee728b)  -> (artifact id: 'b5d1fd7324db902b5b5f198caf16c622') in 0.174090 seconds 
========================================================================
Received Import Request.
  Time since last request: 0.000069 seconds.
  path: Assets/Crypt Dungeon Environment/Rooms/Crypt/Prefabs/crypt_wall.prefab
  artifactKey: Guid(615688eb22692db418c6f8646a5b507c) Importer(815301076,1909f56bfc062723c751e8b465ee728b)
Start importing Assets/Crypt Dungeon Environment/Rooms/Crypt/Prefabs/crypt_wall.prefab using Guid(615688eb22692db418c6f8646a5b507c) Importer(815301076,1909f56bfc062723c751e8b465ee728b)  -> (artifact id: '4e4c71e06cc3f16a060e97ec8b79dbee') in 0.041462 seconds 
========================================================================
Received Import Request.
  Time since last request: 0.000044 seconds.
  path: Assets/Crypt Dungeon Environment/Rooms/Crypt/Prefabs/crypt_roof.prefab
  artifactKey: Guid(7d51fcf4d5425c64c84512b307b283c8) Importer(815301076,1909f56bfc062723c751e8b465ee728b)
Start importing Assets/Crypt Dungeon Environment/Rooms/Crypt/Prefabs/crypt_roof.prefab using Guid(7d51fcf4d5425c64c84512b307b283c8) Importer(815301076,1909f56bfc062723c751e8b465ee728b)  -> (artifact id: 'e32f9882d4f4c74b6f7496ef1f6f207d') in 0.024705 seconds 
========================================================================
Received Import Request.
  Time since last request: 5.287592 seconds.
  path: Assets/Crypt Dungeon Environment/Rooms/Crypt/Materials/floor.mat
  artifactKey: Guid(4df2673622b27bf4a8a31d686ae38f8b) Importer(815301076,1909f56bfc062723c751e8b465ee728b)
Start importing Assets/Crypt Dungeon Environment/Rooms/Crypt/Materials/floor.mat using Guid(4df2673622b27bf4a8a31d686ae38f8b) Importer(815301076,1909f56bfc062723c751e8b465ee728b)  -> (artifact id: 'f67e04e813b2e74e29871680ddf589e8') in 0.049577 seconds 
========================================================================
Received Import Request.
  Time since last request: 0.000025 seconds.
  path: Assets/Crypt Dungeon Environment/Rooms/Crypt/Materials/window_frame3.mat
  artifactKey: Guid(fd1522617f4f14442a4fbb5519c449fe) Importer(815301076,1909f56bfc062723c751e8b465ee728b)
Start importing Assets/Crypt Dungeon Environment/Rooms/Crypt/Materials/window_frame3.mat using Guid(fd1522617f4f14442a4fbb5519c449fe) Importer(815301076,1909f56bfc062723c751e8b465ee728b)  -> (artifact id: '00c4a1abc3f0f47d0f4aeb121af3734e') in 0.037001 seconds 
========================================================================
Received Import Request.
  Time since last request: 0.000074 seconds.
  path: Assets/Crypt Dungeon Environment/Rooms/Crypt/Materials/wall.mat
  artifactKey: Guid(7719c12d85494684a9c4174d34eb275a) Importer(815301076,1909f56bfc062723c751e8b465ee728b)
Start importing Assets/Crypt Dungeon Environment/Rooms/Crypt/Materials/wall.mat using Guid(7719c12d85494684a9c4174d34eb275a) Importer(815301076,1909f56bfc062723c751e8b465ee728b)  -> (artifact id: '52da2d24a5b98df2d88ed3d5dc08f836') in 0.052895 seconds 
========================================================================
Received Import Request.
  Time since last request: 0.000065 seconds.
  path: Assets/Crypt Dungeon Environment/Rooms/Crypt/Materials/sarcophagi.mat
  artifactKey: Guid(4a30f82a58a24a941a5d10685a2acf3c) Importer(815301076,1909f56bfc062723c751e8b465ee728b)
Start importing Assets/Crypt Dungeon Environment/Rooms/Crypt/Materials/sarcophagi.mat using Guid(4a30f82a58a24a941a5d10685a2acf3c) Importer(815301076,1909f56bfc062723c751e8b465ee728b)  -> (artifact id: '7839b59a85788f3a14b2fb322ece0b97') in 0.043625 seconds 
========================================================================
Received Import Request.
  Time since last request: 143.213509 seconds.
  path: Assets/Crypt Dungeon Environment/Rooms/Crypt/Textures/crypt_chandelier_lambert2_BaseColor.png
  artifactKey: Guid(8930dc110c157fb45899553f2d5130b4) Importer(815301076,1909f56bfc062723c751e8b465ee728b)
Start importing Assets/Crypt Dungeon Environment/Rooms/Crypt/Textures/crypt_chandelier_lambert2_BaseColor.png using Guid(8930dc110c157fb45899553f2d5130b4) Importer(815301076,1909f56bfc062723c751e8b465ee728b)  -> (artifact id: 'e0fe328615c1f1f7d964296be98a6884') in 0.078333 seconds 
========================================================================
Received Import Request.
  Time since last request: 0.000055 seconds.
  path: Assets/Crypt Dungeon Environment/Rooms/Crypt/Textures/crypt_pillar_lambert1_Normal.png
  artifactKey: Guid(b3bff9e94a2f1394191ecf147f6b2ac7) Importer(815301076,1909f56bfc062723c751e8b465ee728b)
Start importing Assets/Crypt Dungeon Environment/Rooms/Crypt/Textures/crypt_pillar_lambert1_Normal.png using Guid(b3bff9e94a2f1394191ecf147f6b2ac7) Importer(815301076,1909f56bfc062723c751e8b465ee728b)  -> (artifact id: 'd5c4d9a1176947106d6e08ab6fe64924') in 0.049771 seconds 
========================================================================
Received Import Request.
  Time since last request: 0.000035 seconds.
  path: Assets/Crypt Dungeon Environment/Rooms/Crypt/Textures/crypt_sarcophagi_lambert1_Metallic.png
  artifactKey: Guid(11c9c2d806b741b42b2932719257f62e) Importer(815301076,1909f56bfc062723c751e8b465ee728b)
Start importing Assets/Crypt Dungeon Environment/Rooms/Crypt/Textures/crypt_sarcophagi_lambert1_Metallic.png using Guid(11c9c2d806b741b42b2932719257f62e) Importer(815301076,1909f56bfc062723c751e8b465ee728b)  -> (artifact id: '8b866cc7a47a50c476d405e144215541') in 0.026763 seconds 
========================================================================
Received Import Request.
  Time since last request: 0.000079 seconds.
  path: Assets/Crypt Dungeon Environment/Rooms/Crypt/Textures/crypt_sarcophagi_lambert1_Emissive.png
  artifactKey: Guid(f605c28e57745034491fadb40ecbfcb4) Importer(815301076,1909f56bfc062723c751e8b465ee728b)
Start importing Assets/Crypt Dungeon Environment/Rooms/Crypt/Textures/crypt_sarcophagi_lambert1_Emissive.png using Guid(f605c28e57745034491fadb40ecbfcb4) Importer(815301076,1909f56bfc062723c751e8b465ee728b)  -> (artifact id: 'bc5c2e7289b13c538041e59b86c76888') in 0.021727 seconds 
========================================================================
Received Import Request.
  Time since last request: 0.000032 seconds.
  path: Assets/Crypt Dungeon Environment/Rooms/Crypt/Textures/crypt_pillar_lambert1_Height.png
  artifactKey: Guid(e6a394cca72b3314c96ec51dc5c31d9c) Importer(815301076,1909f56bfc062723c751e8b465ee728b)
Start importing Assets/Crypt Dungeon Environment/Rooms/Crypt/Textures/crypt_pillar_lambert1_Height.png using Guid(e6a394cca72b3314c96ec51dc5c31d9c) Importer(815301076,1909f56bfc062723c751e8b465ee728b)  -> (artifact id: '1ed20b9ada35e9e7d17ed6617936e40a') in 0.077143 seconds 
========================================================================
Received Import Request.
  Time since last request: 0.000041 seconds.
  path: Assets/Crypt Dungeon Environment/Rooms/Crypt/Textures/stone_floor_height.png
  artifactKey: Guid(366c93038c007d849bbc2ee95903f234) Importer(815301076,1909f56bfc062723c751e8b465ee728b)
Start importing Assets/Crypt Dungeon Environment/Rooms/Crypt/Textures/stone_floor_height.png using Guid(366c93038c007d849bbc2ee95903f234) Importer(815301076,1909f56bfc062723c751e8b465ee728b)  -> (artifact id: '5be91c1d3cacb504c97258e3a5d24c5f') in 0.020276 seconds 
========================================================================
Received Import Request.
  Time since last request: 0.000060 seconds.
  path: Assets/Crypt Dungeon Environment/Rooms/Crypt/Textures/crypt_window_frame2_lambert1_BaseColor.png
  artifactKey: Guid(f4cf6786c9267324da7546236931f96b) Importer(815301076,1909f56bfc062723c751e8b465ee728b)
Start importing Assets/Crypt Dungeon Environment/Rooms/Crypt/Textures/crypt_window_frame2_lambert1_BaseColor.png using Guid(f4cf6786c9267324da7546236931f96b) Importer(815301076,1909f56bfc062723c751e8b465ee728b)  -> (artifact id: 'e9d4d24dc3080f37adb0d9c8c8e6a7bc') in 0.022961 seconds 
========================================================================
Received Import Request.
  Time since last request: 0.000046 seconds.
  path: Assets/Crypt Dungeon Environment/Rooms/Crypt/Textures/crypt_window_frame3_lambert1_Height.png
  artifactKey: Guid(03205ed84cf3819449a57818d4bbcd1b) Importer(815301076,1909f56bfc062723c751e8b465ee728b)
Start importing Assets/Crypt Dungeon Environment/Rooms/Crypt/Textures/crypt_window_frame3_lambert1_Height.png using Guid(03205ed84cf3819449a57818d4bbcd1b) Importer(815301076,1909f56bfc062723c751e8b465ee728b)  -> (artifact id: '77f8e41b4c71bc0c20cf82a3e6df2db7') in 0.051719 seconds 
========================================================================
Received Import Request.
  Time since last request: 0.000033 seconds.
  path: Assets/Crypt Dungeon Environment/Rooms/Crypt/Textures/old_worn_brick_normal.png
  artifactKey: Guid(c01ad5ce18101a342b3b736291ea5252) Importer(815301076,1909f56bfc062723c751e8b465ee728b)
Start importing Assets/Crypt Dungeon Environment/Rooms/Crypt/Textures/old_worn_brick_normal.png using Guid(c01ad5ce18101a342b3b736291ea5252) Importer(815301076,1909f56bfc062723c751e8b465ee728b)  -> (artifact id: '68a2805c396eb31496e7889f404742c6') in 0.019172 seconds 
========================================================================
Received Import Request.
  Time since last request: 0.000031 seconds.
  path: Assets/Crypt Dungeon Environment/Rooms/Crypt/Textures/crypt_roof_lambert1_Normal.png
  artifactKey: Guid(672979968572af449a1d001a8a5e111c) Importer(815301076,1909f56bfc062723c751e8b465ee728b)
Start importing Assets/Crypt Dungeon Environment/Rooms/Crypt/Textures/crypt_roof_lambert1_Normal.png using Guid(672979968572af449a1d001a8a5e111c) Importer(815301076,1909f56bfc062723c751e8b465ee728b)  -> (artifact id: 'f7f9e69c897c8774e15af0c573dc9f05') in 0.019830 seconds 
========================================================================
Received Import Request.
  Time since last request: 0.000042 seconds.
  path: Assets/Crypt Dungeon Environment/Rooms/Crypt/Textures/stone_floor_metallic.png
  artifactKey: Guid(4428b0ea196ab804aac44b6b6fd1f7fa) Importer(815301076,1909f56bfc062723c751e8b465ee728b)
Start importing Assets/Crypt Dungeon Environment/Rooms/Crypt/Textures/stone_floor_metallic.png using Guid(4428b0ea196ab804aac44b6b6fd1f7fa) Importer(815301076,1909f56bfc062723c751e8b465ee728b)  -> (artifact id: 'c581dc3810e3184785057518d9523129') in 0.061691 seconds 
========================================================================
Received Import Request.
  Time since last request: 0.000042 seconds.
  path: Assets/Crypt Dungeon Environment/Rooms/Crypt/Textures/crypt_sarcophagi_lambert1_Normal.png
  artifactKey: Guid(a17ea4f7e31d85a4a903262b13cffdb8) Importer(815301076,1909f56bfc062723c751e8b465ee728b)
Start importing Assets/Crypt Dungeon Environment/Rooms/Crypt/Textures/crypt_sarcophagi_lambert1_Normal.png using Guid(a17ea4f7e31d85a4a903262b13cffdb8) Importer(815301076,1909f56bfc062723c751e8b465ee728b)  -> (artifact id: 'd3d85f1251450f1c2e84f33ca479bc00') in 0.061507 seconds 
========================================================================
Received Import Request.
  Time since last request: 0.000029 seconds.
  path: Assets/Crypt Dungeon Environment/Rooms/Crypt/Textures/stone_floor_normal.png
  artifactKey: Guid(532235ea18feba64aa1fdae6c3e585a7) Importer(815301076,1909f56bfc062723c751e8b465ee728b)
Start importing Assets/Crypt Dungeon Environment/Rooms/Crypt/Textures/stone_floor_normal.png using Guid(532235ea18feba64aa1fdae6c3e585a7) Importer(815301076,1909f56bfc062723c751e8b465ee728b)  -> (artifact id: '9e48b006f623d585f70ad6526858ce6a') in 0.192683 seconds 
========================================================================
Received Import Request.
  Time since last request: 0.000031 seconds.
  path: Assets/Crypt Dungeon Environment/Rooms/Crypt/Textures/crypt_window_frame3_lambert1_BaseColor.png
  artifactKey: Guid(f91950015fd601740ae8fed8bc80443a) Importer(815301076,1909f56bfc062723c751e8b465ee728b)
Start importing Assets/Crypt Dungeon Environment/Rooms/Crypt/Textures/crypt_window_frame3_lambert1_BaseColor.png using Guid(f91950015fd601740ae8fed8bc80443a) Importer(815301076,1909f56bfc062723c751e8b465ee728b)  -> (artifact id: '23fc8e4ea3b05694c17967bac4e064d3') in 0.018432 seconds 
========================================================================
Received Import Request.
  Time since last request: 0.000057 seconds.
  path: Assets/Crypt Dungeon Environment/Rooms/Crypt/Textures/crypt_roof_lambert1_Roughness.png
  artifactKey: Guid(715ac47d8578e954f86331506b672adf) Importer(815301076,1909f56bfc062723c751e8b465ee728b)
Start importing Assets/Crypt Dungeon Environment/Rooms/Crypt/Textures/crypt_roof_lambert1_Roughness.png using Guid(715ac47d8578e954f86331506b672adf) Importer(815301076,1909f56bfc062723c751e8b465ee728b)  -> (artifact id: 'fba739d9518cea759be697f6dfc109b1') in 0.023645 seconds 
========================================================================
Received Import Request.
  Time since last request: 0.000024 seconds.
  path: Assets/Crypt Dungeon Environment/Rooms/Crypt/Textures/crypt_roof_lambert1_Height.png
  artifactKey: Guid(b16630112d2a6c74eab2950405e74aaa) Importer(815301076,1909f56bfc062723c751e8b465ee728b)
Start importing Assets/Crypt Dungeon Environment/Rooms/Crypt/Textures/crypt_roof_lambert1_Height.png using Guid(b16630112d2a6c74eab2950405e74aaa) Importer(815301076,1909f56bfc062723c751e8b465ee728b)  -> (artifact id: '26607a93b329b7256ec39e98d4490a04') in 0.068081 seconds 
========================================================================
Received Import Request.
  Time since last request: 0.000026 seconds.
  path: Assets/Crypt Dungeon Environment/Rooms/Crypt/Textures/old_worn_brick_roughness.png
  artifactKey: Guid(affa597cbf2873649a4ffa4f4e731449) Importer(815301076,1909f56bfc062723c751e8b465ee728b)
Start importing Assets/Crypt Dungeon Environment/Rooms/Crypt/Textures/old_worn_brick_roughness.png using Guid(affa597cbf2873649a4ffa4f4e731449) Importer(815301076,1909f56bfc062723c751e8b465ee728b)  -> (artifact id: '2823a0fbc75f0dbe9c6a3bceda0ea618') in 0.023693 seconds 
========================================================================
Received Import Request.
  Time since last request: 0.000033 seconds.
  path: Assets/Crypt Dungeon Environment/Rooms/Crypt/Textures/stone_floor_basecolor.png
  artifactKey: Guid(25b1e86dec04b924789e861275854380) Importer(815301076,1909f56bfc062723c751e8b465ee728b)
Start importing Assets/Crypt Dungeon Environment/Rooms/Crypt/Textures/stone_floor_basecolor.png using Guid(25b1e86dec04b924789e861275854380) Importer(815301076,1909f56bfc062723c751e8b465ee728b)  -> (artifact id: 'ec3ef1950560411e24df5e36b6668fd0') in 0.025565 seconds 
========================================================================
Received Import Request.
  Time since last request: 0.000060 seconds.
  path: Assets/Crypt Dungeon Environment/Rooms/Crypt/Textures/crypt_chandelier_lambert2_Height.png
  artifactKey: Guid(5a6d5803c4f06c249a36d58134fa824a) Importer(815301076,1909f56bfc062723c751e8b465ee728b)
Start importing Assets/Crypt Dungeon Environment/Rooms/Crypt/Textures/crypt_chandelier_lambert2_Height.png using Guid(5a6d5803c4f06c249a36d58134fa824a) Importer(815301076,1909f56bfc062723c751e8b465ee728b)  -> (artifact id: 'a02aacbd015e2a5b7b0473efb09305d7') in 0.024820 seconds 
========================================================================
Received Import Request.
  Time since last request: 0.000027 seconds.
  path: Assets/Crypt Dungeon Environment/Rooms/Crypt/Textures/crypt_window_frame3_lambert1_Metallic.png
  artifactKey: Guid(0cc5508d85814c04eac3f11abff12d39) Importer(815301076,1909f56bfc062723c751e8b465ee728b)
Start importing Assets/Crypt Dungeon Environment/Rooms/Crypt/Textures/crypt_window_frame3_lambert1_Metallic.png using Guid(0cc5508d85814c04eac3f11abff12d39) Importer(815301076,1909f56bfc062723c751e8b465ee728b)  -> (artifact id: '1acc2f30ed02528b01f3bc86c53d1e24') in 0.022306 seconds 
